<<<<<<< HEAD
c:\users\ahmed\desktop\sql-database-repo\debug\vc143.pdb
c:\users\ahmed\desktop\sql-database-repo\debug\vc143.idb
c:\users\ahmed\desktop\sql-database-repo\debug\root.obj
c:\users\ahmed\desktop\sql-database-repo\debug\errorhandler.obj
c:\users\ahmed\desktop\sql-database-repo\debug\sql-database.ilk
c:\users\ahmed\desktop\sql-database-repo\debug\sql-database.exe
c:\users\ahmed\desktop\sql-database-repo\debug\sql-database.pdb
c:\users\ahmed\desktop\sql-database-repo\debug\sql-database.tlog\cl.command.1.tlog
c:\users\ahmed\desktop\sql-database-repo\debug\sql-database.tlog\cl.read.1.tlog
c:\users\ahmed\desktop\sql-database-repo\debug\sql-database.tlog\cl.write.1.tlog
c:\users\ahmed\desktop\sql-database-repo\debug\sql-database.tlog\link.command.1.tlog
c:\users\ahmed\desktop\sql-database-repo\debug\sql-database.tlog\link.read.1.tlog
c:\users\ahmed\desktop\sql-database-repo\debug\sql-database.tlog\link.write.1.tlog
=======
c:\users\maria\desktop\sql-database-repo\debug\vc143.pdb
c:\users\maria\desktop\sql-database-repo\debug\vc143.idb
c:\users\maria\desktop\sql-database-repo\debug\root.obj
c:\users\maria\desktop\sql-database-repo\debug\errorhandler.obj
c:\users\maria\desktop\sql-database-repo\debug\sql-database.ilk
c:\users\maria\desktop\sql-database-repo\debug\sql-database.exe
c:\users\maria\desktop\sql-database-repo\debug\sql-database.pdb
c:\users\maria\desktop\sql-database-repo\debug\sql-database.tlog\cl.command.1.tlog
c:\users\maria\desktop\sql-database-repo\debug\sql-database.tlog\cl.read.1.tlog
c:\users\maria\desktop\sql-database-repo\debug\sql-database.tlog\cl.write.1.tlog
c:\users\maria\desktop\sql-database-repo\debug\sql-database.tlog\link.command.1.tlog
c:\users\maria\desktop\sql-database-repo\debug\sql-database.tlog\link.read.1.tlog
c:\users\maria\desktop\sql-database-repo\debug\sql-database.tlog\link.write.1.tlog
>>>>>>> 6f70292adc60610f0789f6f77ae0c2caa51192f3
